#
# A fatal error has been detected by the Java Runtime Environment:
#
#  EXCEPTION_ACCESS_VIOLATION (0xc0000005) at pc=0x0000000180005b00, pid=14136, tid=6300
#
# JRE version: Java(TM) SE Runtime Environment (20.0.1+9) (build 20.0.1+9-29)
# Java VM: Java HotSpot(TM) 64-Bit Server VM (20.0.1+9-29, mixed mode, sharing, tiered, compressed oops, compressed class ptrs, g1 gc, windows-amd64)
# Problematic frame:
# C  [rxtxSerial.dll+0x5b00]
#
# No core dump will be written. Minidumps are not enabled by default on client versions of Windows
#
# If you would like to submit a bug report, please visit:
#   https://bugreport.java.com/bugreport/crash.jsp
# The crash happened outside the Java Virtual Machine in native code.
# See problematic frame for where to report the bug.
#

---------------  S U M M A R Y ------------

Command Line: -javaagent:C:\Program Files\JetBrains\IntelliJ IDEA Community Edition 2023.1.1\lib\idea_rt.jar=50981:C:\Program Files\JetBrains\IntelliJ IDEA Community Edition 2023.1.1\bin -Dfile.encoding=UTF-8 -Dsun.stdout.encoding=UTF-8 -Dsun.stderr.encoding=UTF-8 Entities.Main

Host: 11th Gen Intel(R) Core(TM) i5-1135G7 @ 2.40GHz, 8 cores, 7G,  Windows 11 , 64 bit Build 22621 (10.0.22621.1778)
Time: Wed Jun 21 18:42:03 2023 Hora oficial do Brasil elapsed time: 7.318673 seconds (0d 0h 0m 7s)

---------------  T H R E A D  ---------------

Current thread (0x0000020d39aab110):  JavaThread "Thread-0" [_thread_in_native, id=6300, stack(0x000000bf19a00000,0x000000bf19b00000)]

Stack: [0x000000bf19a00000,0x000000bf19b00000],  sp=0x000000bf19afddf0,  free space=1015k
Native frames: (J=compiled Java code, j=interpreted, Vv=VM code, C=native code)
C  [rxtxSerial.dll+0x5b00]

Java frames: (J=compiled Java code, j=interpreted, Vv=VM code)
j  gnu.io.RXTXPort.readArray([BII)I+0
j  gnu.io.RXTXPort$SerialInputStream.read([BII)I+212
j  sun.nio.cs.StreamDecoder.readBytes()I+117 java.base@20.0.1
j  sun.nio.cs.StreamDecoder.implRead([CII)I+112 java.base@20.0.1
j  sun.nio.cs.StreamDecoder.lockedRead([CII)I+158 java.base@20.0.1
j  sun.nio.cs.StreamDecoder.read([CII)I+30 java.base@20.0.1
j  java.io.InputStreamReader.read([CII)I+7 java.base@20.0.1
j  java.io.BufferedReader.fill()V+145 java.base@20.0.1
j  java.io.BufferedReader.implReadLine(Z[Z)Ljava/lang/String;+44 java.base@20.0.1
j  java.io.BufferedReader.readLine(Z[Z)Ljava/lang/String;+26 java.base@20.0.1
j  java.io.BufferedReader.readLine()Ljava/lang/String;+3 java.base@20.0.1
j  Program.ArduinoSerialCommunication.serialEvent(Lgnu/io/SerialPortEvent;)V+20
j  gnu.io.RXTXPort.sendEvent(IZ)Z+382
v  ~StubRoutines::call_stub 0x0000020d280910e7
j  gnu.io.RXTXPort.eventLoop()V+0
j  gnu.io.RXTXPort$MonitorThread.run()V+12
v  ~StubRoutines::call_stub 0x0000020d280910e7

siginfo: EXCEPTION_ACCESS_VIOLATION (0xc0000005), reading address 0x0000000019afec38


Registers:
RAX=0x0000000000000001, RBX=0x0000000000000000, RCX=0x000000018001d4d5, RDX=0xfffffffffffff665
RSP=0x000000bf19afddf0, RBP=0x00000000ffffffff, RSI=0x0000000000000000, RDI=0x0000020d39aab3f0
R8 =0x0000000000000002, R9 =0xfffffffffffff63c, R10=0x00007ff8f165d7f0, R11=0x8101010101010100
R12=0x0000000019afec30, R13=0x0000000000000011, R14=0x000000bf19afdfd8, R15=0x0000000000000000
RIP=0x0000000180005b00, EFLAGS=0x0000000000010202


Register to memory mapping:

RIP=0x0000000180005b00 rxtxSerial.dll
RAX=0x0000000000000001 is an unknown value
RBX=0x0 is NULL
RCX=0x000000018001d4d5 rxtxSerial.dll
RDX=0xfffffffffffff665 is an unknown value
RSP=0x000000bf19afddf0 is pointing into the stack for thread: 0x0000020d39aab110
RBP=0x00000000ffffffff is an unallocated location in the heap
RSI=0x0 is NULL
RDI=0x0000020d39aab3f0 points into unknown readable memory: 0x00007ff8f15d56c0 | c0 56 5d f1 f8 7f 00 00
R8 =0x0000000000000002 is an unknown value
R9 =0xfffffffffffff63c is an unknown value
R10=0x00007ff8f165d7f0 jvm.dll
R11=0x8101010101010100 is an unknown value
R12=0x0000000019afec30 is an unknown value
R13=0x0000000000000011 is an unknown value
R14=0x000000bf19afdfd8 is pointing into the stack for thread: 0x0000020d39aab110
R15=0x0 is NULL


Top of Stack: (sp=0x000000bf19afddf0)
0x000000bf19afddf0:   0000000000000000 0000000000000000
0x000000bf19afde00:   0000000000000000 00007ff8f0ecc137
0x000000bf19afde10:   0000000000000000 000000bf19afdfd8
0x000000bf19afde20:   0000020d35c13330 0000000000000001
0x000000bf19afde30:   0000020d39aab3f0 0000000000000011
0x000000bf19afde40:   ffffffffffffffff 0000000180006211
0x000000bf19afde50:   0000020d39820040 000000bf19afdfd8
0x000000bf19afde60:   0000000000000001 0000020d39820040
0x000000bf19afde70:   0000020d00000011 000000bfffffffff
0x000000bf19afde80:   000000bf19afdfe0 0000000000000c96
0x000000bf19afde90:   0000000000000c96 0000020d35c13330
0x000000bf19afdea0:   000000bf19afdfa8 00007ff8f0e6b2f5
0x000000bf19afdeb0:   0000000000000c96 00000000000155b4
0x000000bf19afdec0:   0000020d39aab110 0000a02ff5c58789
0x000000bf19afded0:   0000020d35c13338 0000020d35c13330
0x000000bf19afdee0:   0000020d39aab110 000000bf19afdfe0
0x000000bf19afdef0:   0000000000000000 0000000000000c96
0x000000bf19afdf00:   0000000000000110 000000bf19afdfa8
0x000000bf19afdf10:   0000020d35c13338 0000020d280b20f3
0x000000bf19afdf20:   0000000000000c96 0000020d280b1dd9
0x000000bf19afdf30:   0000020d35c13338 0000000000000110
0x000000bf19afdf40:   0000000000000011 0000000000000000
0x000000bf19afdf50:   0000000000000000 0000020d280b1d96
0x000000bf19afdf60:   000000bf19afdf60 0000020d35c13330
0x000000bf19afdf70:   000000bf19afdfe0 0000020d35c20000
0x000000bf19afdf80:   0000000000000000 000000008b001a60
0x000000bf19afdf90:   0000020d35c13338 0000000000000000
0x000000bf19afdfa0:   000000bf19afdfc8 000000bf19afe050
0x000000bf19afdfb0:   0000020d280adf9e 0000000000000000
0x000000bf19afdfc0:   0000020d280af895 0000000000000011
0x000000bf19afdfd0:   0000000000000000 000000008b057f48
0x000000bf19afdfe0:   000000008b054ba8 0000000000000001 

Instructions: (pc=0x0000000180005b00)
0x0000000180005a00:   5d c3 cc cc cc cc cc cc cc cc cc cc cc cc cc cc
0x0000000180005a10:   48 89 5c 24 08 4c 89 4c 24 20 44 89 44 24 18 55
0x0000000180005a20:   56 57 41 54 41 55 41 56 41 57 48 83 ec 20 48 8b
0x0000000180005a30:   2a 48 8b 01 33 db 48 8b d5 48 8b f9 44 8b fb 8b
0x0000000180005a40:   f3 ff 90 f8 00 00 00 4c 8d 0d 9e 70 01 00 4c 8b
0x0000000180005a50:   e0 48 8b 07 4c 8d 05 b5 70 01 00 49 8b d4 48 8b
0x0000000180005a60:   cf ff 90 f0 02 00 00 48 8b cf 4c 8b c0 48 85 c0
0x0000000180005a70:   48 8b 07 75 28 ff 90 80 00 00 00 4c 8b 1f 48 8b
0x0000000180005a80:   cf 41 ff 93 88 00 00 00 4c 8b 1f 49 8b d4 48 8b
0x0000000180005a90:   cf 41 ff 93 b8 00 00 00 4c 8b e3 eb 54 48 8b d5
0x0000000180005aa0:   ff 90 20 03 00 00 49 8b d4 48 8b cf 48 63 e8 48
0x0000000180005ab0:   8b 07 ff 90 b8 00 00 00 48 8d 15 51 70 01 00 48
0x0000000180005ac0:   8d 0d 0e 7a 01 00 41 b8 02 00 00 00 e8 6f 62 00
0x0000000180005ad0:   00 85 c0 75 19 85 ed 75 15 e8 c2 5e 00 00 48 8d
0x0000000180005ae0:   15 23 7a 01 00 48 8d 48 60 e8 3a 5d 00 00 4c 8b
0x0000000180005af0:   e5 8b ac 24 88 00 00 00 44 8b ac 24 80 00 00 00
0x0000000180005b00:   45 8b 74 24 08 41 89 5c 24 08 41 8b fd 85 ed 78
0x0000000180005b10:   09 ff 15 e9 14 01 00 44 8b f8 45 85 ed 7e 4a 90
0x0000000180005b20:   8b c6 ff c6 83 f8 14 7d 40 85 ed 78 0d ff 15 cd
0x0000000180005b30:   14 01 00 41 2b c7 3b c5 7d 2f 8b 4c 24 70 48 63
0x0000000180005b40:   d3 44 8b c7 48 03 54 24 78 e8 a2 31 00 00 85 c0
0x0000000180005b50:   78 33 74 06 03 d8 2b f8 eb 0a b9 e8 03 00 00 e8
0x0000000180005b60:   1c 1c 00 00 41 3b dd 7c b7 8b c3 45 89 74 24 08
0x0000000180005b70:   48 8b 5c 24 60 48 83 c4 20 41 5f 41 5e 41 5d 41
0x0000000180005b80:   5c 5f 5e 5d c3 e8 1e 61 00 00 83 38 04 74 05 e8
0x0000000180005b90:   14 61 00 00 83 c8 ff eb d2 cc cc cc cc cc cc cc
0x0000000180005ba0:   40 53 55 56 57 41 54 41 55 48 81 ec b8 00 00 00
0x0000000180005bb0:   48 8b 05 71 85 01 00 48 33 c4 48 89 84 24 a0 00
0x0000000180005bc0:   00 00 48 8b 01 45 8b e9 41 8b f8 48 8b f2 48 8b
0x0000000180005bd0:   d9 ff 90 f8 00 00 00 4c 8b 13 4c 8d 0d 33 6f 01
0x0000000180005be0:   00 4c 8d 05 7c 6f 01 00 48 8b d0 48 8b cb 4c 8b
0x0000000180005bf0:   e0 41 ff 92 f0 02 00 00 33 ed 48 8b cb 4c 8b c0 


Stack slot to memory mapping:
stack at sp + 0 slots: 0x0 is NULL
stack at sp + 1 slots: 0x0 is NULL
stack at sp + 2 slots: 0x0 is NULL
stack at sp + 3 slots: 0x00007ff8f0ecc137 jvm.dll
stack at sp + 4 slots: 0x0 is NULL
stack at sp + 5 slots: 0x000000bf19afdfd8 is pointing into the stack for thread: 0x0000020d39aab110
stack at sp + 6 slots: 0x0000020d35c13330 is pointing into metadata
stack at sp + 7 slots: 0x0000000000000001 is an unknown value


---------------  P R O C E S S  ---------------

Threads class SMR info:
_java_thread_list=0x0000020d39aa1ea0, length=13, elements={
0x0000020d353e44e0, 0x0000020d353e4f20, 0x0000020d353e66b0, 0x0000020d353ea300,
0x0000020d353ecd40, 0x0000020d353eedd0, 0x0000020d354014b0, 0x0000020d354051c0,
0x0000020d353ac840, 0x0000020d39a88f90, 0x0000020d39a894e0, 0x0000020d39aab110,
0x0000020d18ad71a0
}

Java Threads: ( => current thread )
  0x0000020d353e44e0 JavaThread "Reference Handler" daemon [_thread_blocked, id=5628, stack(0x000000bf18e00000,0x000000bf18f00000)]
  0x0000020d353e4f20 JavaThread "Finalizer" daemon [_thread_blocked, id=8592, stack(0x000000bf18f00000,0x000000bf19000000)]
  0x0000020d353e66b0 JavaThread "Signal Dispatcher" daemon [_thread_blocked, id=18188, stack(0x000000bf19000000,0x000000bf19100000)]
  0x0000020d353ea300 JavaThread "Attach Listener" daemon [_thread_blocked, id=11036, stack(0x000000bf19100000,0x000000bf19200000)]
  0x0000020d353ecd40 JavaThread "Service Thread" daemon [_thread_blocked, id=11304, stack(0x000000bf19200000,0x000000bf19300000)]
  0x0000020d353eedd0 JavaThread "Monitor Deflation Thread" daemon [_thread_blocked, id=2188, stack(0x000000bf19300000,0x000000bf19400000)]
  0x0000020d354014b0 JavaThread "C2 CompilerThread0" daemon [_thread_blocked, id=17400, stack(0x000000bf19400000,0x000000bf19500000)]
  0x0000020d354051c0 JavaThread "C1 CompilerThread0" daemon [_thread_blocked, id=15196, stack(0x000000bf19500000,0x000000bf19600000)]
  0x0000020d353ac840 JavaThread "Common-Cleaner" daemon [_thread_blocked, id=10424, stack(0x000000bf19600000,0x000000bf19700000)]
  0x0000020d39a88f90 JavaThread "Monitor Ctrl-Break" daemon [_thread_in_native, id=3948, stack(0x000000bf19700000,0x000000bf19800000)]
  0x0000020d39a894e0 JavaThread "Notification Thread" daemon [_thread_blocked, id=16664, stack(0x000000bf19800000,0x000000bf19900000)]
=>0x0000020d39aab110 JavaThread "Thread-0" [_thread_in_native, id=6300, stack(0x000000bf19a00000,0x000000bf19b00000)]
  0x0000020d18ad71a0 JavaThread "DestroyJavaVM" [_thread_blocked, id=8, stack(0x000000bf18700000,0x000000bf18800000)]

Other Threads:
  0x0000020d353c49b0 VMThread "VM Thread" [stack: 0x000000bf18d00000,0x000000bf18e00000] [id=14892]
  0x0000020d39a8ec80 WatcherThread "VM Periodic Task Thread" [stack: 0x000000bf19900000,0x000000bf19a00000] [id=7688]
  0x0000020d18b333d0 WorkerThread "GC Thread#0" [stack: 0x000000bf18800000,0x000000bf18900000] [id=17556]
  0x0000020d18b43c20 ConcurrentGCThread "G1 Main Marker" [stack: 0x000000bf18900000,0x000000bf18a00000] [id=10516]
  0x0000020d18b44aa0 WorkerThread "G1 Conc#0" [stack: 0x000000bf18a00000,0x000000bf18b00000] [id=15200]
  0x0000020d3527e580 ConcurrentGCThread "G1 Refine#0" [stack: 0x000000bf18b00000,0x000000bf18c00000] [id=16760]
  0x0000020d3527f020 ConcurrentGCThread "G1 Service" [stack: 0x000000bf18c00000,0x000000bf18d00000] [id=14856]

Threads with active compile tasks:

VM state: not at safepoint (normal execution)

VM Mutex/Monitor currently owned by a thread: None

Heap address: 0x0000000083600000, size: 1994 MB, Compressed Oops mode: 32-bit

CDS archive(s) mapped at: [0x0000000800000000-0x0000000800c60000-0x0000000800c60000), size 12976128, SharedBaseAddress: 0x0000000800000000, ArchiveRelocationMode: 0.
Compressed class space mapped at: 0x0000000801000000-0x0000000841000000, reserved size: 1073741824
Narrow klass base: 0x0000000800000000, Narrow klass shift: 0, Narrow klass range: 0x100000000

GC Precious Log:
 CardTable entry size: 512
 Card Set container configuration: InlinePtr #cards 5 size 8 Array Of Cards #cards 12 size 40 Howl #buckets 4 coarsen threshold 1843 Howl Bitmap #cards 512 size 80 coarsen threshold 460 Card regions per heap region 1 cards per card region 2048
 CPUs: 8 total, 8 available
 Memory: 7971M
 Large Page Support: Disabled
 NUMA Support: Disabled
 Compressed Oops: Enabled (32-bit)
 Heap Region Size: 1M
 Heap Min Capacity: 8M
 Heap Initial Capacity: 126M
 Heap Max Capacity: 1994M
 Pre-touch: Disabled
 Parallel Workers: 8
 Concurrent Workers: 2
 Concurrent Refinement Workers: 8
 Periodic GC: Disabled

Heap:
 garbage-first heap   total 129024K, used 5120K [0x0000000083600000, 0x0000000100000000)
  region size 1024K, 6 young (6144K), 0 survivors (0K)
 Metaspace       used 1254K, committed 1408K, reserved 1114112K
  class space    used 108K, committed 192K, reserved 1048576K

Heap Regions: E=young(eden), S=young(survivor), O=old, HS=humongous(starts), HC=humongous(continues), CS=collection set, F=free, OA=open archive, CA=closed archive, TAMS=top-at-mark-start, PB=parsable bottom
|   0|0x0000000083600000, 0x0000000083600000, 0x0000000083700000|  0%| F|  |TAMS 0x0000000083600000| PB 0x0000000083600000| Untracked 
|   1|0x0000000083700000, 0x0000000083700000, 0x0000000083800000|  0%| F|  |TAMS 0x0000000083700000| PB 0x0000000083700000| Untracked 
|   2|0x0000000083800000, 0x0000000083800000, 0x0000000083900000|  0%| F|  |TAMS 0x0000000083800000| PB 0x0000000083800000| Untracked 
|   3|0x0000000083900000, 0x0000000083900000, 0x0000000083a00000|  0%| F|  |TAMS 0x0000000083900000| PB 0x0000000083900000| Untracked 
|   4|0x0000000083a00000, 0x0000000083a00000, 0x0000000083b00000|  0%| F|  |TAMS 0x0000000083a00000| PB 0x0000000083a00000| Untracked 
|   5|0x0000000083b00000, 0x0000000083b00000, 0x0000000083c00000|  0%| F|  |TAMS 0x0000000083b00000| PB 0x0000000083b00000| Untracked 
|   6|0x0000000083c00000, 0x0000000083c00000, 0x0000000083d00000|  0%| F|  |TAMS 0x0000000083c00000| PB 0x0000000083c00000| Untracked 
|   7|0x0000000083d00000, 0x0000000083d00000, 0x0000000083e00000|  0%| F|  |TAMS 0x0000000083d00000| PB 0x0000000083d00000| Untracked 
|   8|0x0000000083e00000, 0x0000000083e00000, 0x0000000083f00000|  0%| F|  |TAMS 0x0000000083e00000| PB 0x0000000083e00000| Untracked 
|   9|0x0000000083f00000, 0x0000000083f00000, 0x0000000084000000|  0%| F|  |TAMS 0x0000000083f00000| PB 0x0000000083f00000| Untracked 
|  10|0x0000000084000000, 0x0000000084000000, 0x0000000084100000|  0%| F|  |TAMS 0x0000000084000000| PB 0x0000000084000000| Untracked 
|  11|0x0000000084100000, 0x0000000084100000, 0x0000000084200000|  0%| F|  |TAMS 0x0000000084100000| PB 0x0000000084100000| Untracked 
|  12|0x0000000084200000, 0x0000000084200000, 0x0000000084300000|  0%| F|  |TAMS 0x0000000084200000| PB 0x0000000084200000| Untracked 
|  13|0x0000000084300000, 0x0000000084300000, 0x0000000084400000|  0%| F|  |TAMS 0x0000000084300000| PB 0x0000000084300000| Untracked 
|  14|0x0000000084400000, 0x0000000084400000, 0x0000000084500000|  0%| F|  |TAMS 0x0000000084400000| PB 0x0000000084400000| Untracked 
|  15|0x0000000084500000, 0x0000000084500000, 0x0000000084600000|  0%| F|  |TAMS 0x0000000084500000| PB 0x0000000084500000| Untracked 
|  16|0x0000000084600000, 0x0000000084600000, 0x0000000084700000|  0%| F|  |TAMS 0x0000000084600000| PB 0x0000000084600000| Untracked 
|  17|0x0000000084700000, 0x0000000084700000, 0x0000000084800000|  0%| F|  |TAMS 0x0000000084700000| PB 0x0000000084700000| Untracked 
|  18|0x0000000084800000, 0x0000000084800000, 0x0000000084900000|  0%| F|  |TAMS 0x0000000084800000| PB 0x0000000084800000| Untracked 
|  19|0x0000000084900000, 0x0000000084900000, 0x0000000084a00000|  0%| F|  |TAMS 0x0000000084900000| PB 0x0000000084900000| Untracked 
|  20|0x0000000084a00000, 0x0000000084a00000, 0x0000000084b00000|  0%| F|  |TAMS 0x0000000084a00000| PB 0x0000000084a00000| Untracked 
|  21|0x0000000084b00000, 0x0000000084b00000, 0x0000000084c00000|  0%| F|  |TAMS 0x0000000084b00000| PB 0x0000000084b00000| Untracked 
|  22|0x0000000084c00000, 0x0000000084c00000, 0x0000000084d00000|  0%| F|  |TAMS 0x0000000084c00000| PB 0x0000000084c00000| Untracked 
|  23|0x0000000084d00000, 0x0000000084d00000, 0x0000000084e00000|  0%| F|  |TAMS 0x0000000084d00000| PB 0x0000000084d00000| Untracked 
|  24|0x0000000084e00000, 0x0000000084e00000, 0x0000000084f00000|  0%| F|  |TAMS 0x0000000084e00000| PB 0x0000000084e00000| Untracked 
|  25|0x0000000084f00000, 0x0000000084f00000, 0x0000000085000000|  0%| F|  |TAMS 0x0000000084f00000| PB 0x0000000084f00000| Untracked 
|  26|0x0000000085000000, 0x0000000085000000, 0x0000000085100000|  0%| F|  |TAMS 0x0000000085000000| PB 0x0000000085000000| Untracked 
|  27|0x0000000085100000, 0x0000000085100000, 0x0000000085200000|  0%| F|  |TAMS 0x0000000085100000| PB 0x0000000085100000| Untracked 
|  28|0x0000000085200000, 0x0000000085200000, 0x0000000085300000|  0%| F|  |TAMS 0x0000000085200000| PB 0x0000000085200000| Untracked 
|  29|0x0000000085300000, 0x0000000085300000, 0x0000000085400000|  0%| F|  |TAMS 0x0000000085300000| PB 0x0000000085300000| Untracked 
|  30|0x0000000085400000, 0x0000000085400000, 0x0000000085500000|  0%| F|  |TAMS 0x0000000085400000| PB 0x0000000085400000| Untracked 
|  31|0x0000000085500000, 0x0000000085500000, 0x0000000085600000|  0%| F|  |TAMS 0x0000000085500000| PB 0x0000000085500000| Untracked 
|  32|0x0000000085600000, 0x0000000085600000, 0x0000000085700000|  0%| F|  |TAMS 0x0000000085600000| PB 0x0000000085600000| Untracked 
|  33|0x0000000085700000, 0x0000000085700000, 0x0000000085800000|  0%| F|  |TAMS 0x0000000085700000| PB 0x0000000085700000| Untracked 
|  34|0x0000000085800000, 0x0000000085800000, 0x0000000085900000|  0%| F|  |TAMS 0x0000000085800000| PB 0x0000000085800000| Untracked 
|  35|0x0000000085900000, 0x0000000085900000, 0x0000000085a00000|  0%| F|  |TAMS 0x0000000085900000| PB 0x0000000085900000| Untracked 
|  36|0x0000000085a00000, 0x0000000085a00000, 0x0000000085b00000|  0%| F|  |TAMS 0x0000000085a00000| PB 0x0000000085a00000| Untracked 
|  37|0x0000000085b00000, 0x0000000085b00000, 0x0000000085c00000|  0%| F|  |TAMS 0x0000000085b00000| PB 0x0000000085b00000| Untracked 
|  38|0x0000000085c00000, 0x0000000085c00000, 0x0000000085d00000|  0%| F|  |TAMS 0x0000000085c00000| PB 0x0000000085c00000| Untracked 
|  39|0x0000000085d00000, 0x0000000085d00000, 0x0000000085e00000|  0%| F|  |TAMS 0x0000000085d00000| PB 0x0000000085d00000| Untracked 
|  40|0x0000000085e00000, 0x0000000085e00000, 0x0000000085f00000|  0%| F|  |TAMS 0x0000000085e00000| PB 0x0000000085e00000| Untracked 
|  41|0x0000000085f00000, 0x0000000085f00000, 0x0000000086000000|  0%| F|  |TAMS 0x0000000085f00000| PB 0x0000000085f00000| Untracked 
|  42|0x0000000086000000, 0x0000000086000000, 0x0000000086100000|  0%| F|  |TAMS 0x0000000086000000| PB 0x0000000086000000| Untracked 
|  43|0x0000000086100000, 0x0000000086100000, 0x0000000086200000|  0%| F|  |TAMS 0x0000000086100000| PB 0x0000000086100000| Untracked 
|  44|0x0000000086200000, 0x0000000086200000, 0x0000000086300000|  0%| F|  |TAMS 0x0000000086200000| PB 0x0000000086200000| Untracked 
|  45|0x0000000086300000, 0x0000000086300000, 0x0000000086400000|  0%| F|  |TAMS 0x0000000086300000| PB 0x0000000086300000| Untracked 
|  46|0x0000000086400000, 0x0000000086400000, 0x0000000086500000|  0%| F|  |TAMS 0x0000000086400000| PB 0x0000000086400000| Untracked 
|  47|0x0000000086500000, 0x0000000086500000, 0x0000000086600000|  0%| F|  |TAMS 0x0000000086500000| PB 0x0000000086500000| Untracked 
|  48|0x0000000086600000, 0x0000000086600000, 0x0000000086700000|  0%| F|  |TAMS 0x0000000086600000| PB 0x0000000086600000| Untracked 
|  49|0x0000000086700000, 0x0000000086700000, 0x0000000086800000|  0%| F|  |TAMS 0x0000000086700000| PB 0x0000000086700000| Untracked 
|  50|0x0000000086800000, 0x0000000086800000, 0x0000000086900000|  0%| F|  |TAMS 0x0000000086800000| PB 0x0000000086800000| Untracked 
|  51|0x0000000086900000, 0x0000000086900000, 0x0000000086a00000|  0%| F|  |TAMS 0x0000000086900000| PB 0x0000000086900000| Untracked 
|  52|0x0000000086a00000, 0x0000000086a00000, 0x0000000086b00000|  0%| F|  |TAMS 0x0000000086a00000| PB 0x0000000086a00000| Untracked 
|  53|0x0000000086b00000, 0x0000000086b00000, 0x0000000086c00000|  0%| F|  |TAMS 0x0000000086b00000| PB 0x0000000086b00000| Untracked 
|  54|0x0000000086c00000, 0x0000000086c00000, 0x0000000086d00000|  0%| F|  |TAMS 0x0000000086c00000| PB 0x0000000086c00000| Untracked 
|  55|0x0000000086d00000, 0x0000000086d00000, 0x0000000086e00000|  0%| F|  |TAMS 0x0000000086d00000| PB 0x0000000086d00000| Untracked 
|  56|0x0000000086e00000, 0x0000000086e00000, 0x0000000086f00000|  0%| F|  |TAMS 0x0000000086e00000| PB 0x0000000086e00000| Untracked 
|  57|0x0000000086f00000, 0x0000000086f00000, 0x0000000087000000|  0%| F|  |TAMS 0x0000000086f00000| PB 0x0000000086f00000| Untracked 
|  58|0x0000000087000000, 0x0000000087000000, 0x0000000087100000|  0%| F|  |TAMS 0x0000000087000000| PB 0x0000000087000000| Untracked 
|  59|0x0000000087100000, 0x0000000087100000, 0x0000000087200000|  0%| F|  |TAMS 0x0000000087100000| PB 0x0000000087100000| Untracked 
|  60|0x0000000087200000, 0x0000000087200000, 0x0000000087300000|  0%| F|  |TAMS 0x0000000087200000| PB 0x0000000087200000| Untracked 
|  61|0x0000000087300000, 0x0000000087300000, 0x0000000087400000|  0%| F|  |TAMS 0x0000000087300000| PB 0x0000000087300000| Untracked 
|  62|0x0000000087400000, 0x0000000087400000, 0x0000000087500000|  0%| F|  |TAMS 0x0000000087400000| PB 0x0000000087400000| Untracked 
|  63|0x0000000087500000, 0x0000000087500000, 0x0000000087600000|  0%| F|  |TAMS 0x0000000087500000| PB 0x0000000087500000| Untracked 
|  64|0x0000000087600000, 0x0000000087600000, 0x0000000087700000|  0%| F|  |TAMS 0x0000000087600000| PB 0x0000000087600000| Untracked 
|  65|0x0000000087700000, 0x0000000087700000, 0x0000000087800000|  0%| F|  |TAMS 0x0000000087700000| PB 0x0000000087700000| Untracked 
|  66|0x0000000087800000, 0x0000000087800000, 0x0000000087900000|  0%| F|  |TAMS 0x0000000087800000| PB 0x0000000087800000| Untracked 
|  67|0x0000000087900000, 0x0000000087900000, 0x0000000087a00000|  0%| F|  |TAMS 0x0000000087900000| PB 0x0000000087900000| Untracked 
|  68|0x0000000087a00000, 0x0000000087a00000, 0x0000000087b00000|  0%| F|  |TAMS 0x0000000087a00000| PB 0x0000000087a00000| Untracked 
|  69|0x0000000087b00000, 0x0000000087b00000, 0x0000000087c00000|  0%| F|  |TAMS 0x0000000087b00000| PB 0x0000000087b00000| Untracked 
|  70|0x0000000087c00000, 0x0000000087c00000, 0x0000000087d00000|  0%| F|  |TAMS 0x0000000087c00000| PB 0x0000000087c00000| Untracked 
|  71|0x0000000087d00000, 0x0000000087d00000, 0x0000000087e00000|  0%| F|  |TAMS 0x0000000087d00000| PB 0x0000000087d00000| Untracked 
|  72|0x0000000087e00000, 0x0000000087e00000, 0x0000000087f00000|  0%| F|  |TAMS 0x0000000087e00000| PB 0x0000000087e00000| Untracked 
|  73|0x0000000087f00000, 0x0000000087f00000, 0x0000000088000000|  0%| F|  |TAMS 0x0000000087f00000| PB 0x0000000087f00000| Untracked 
|  74|0x0000000088000000, 0x0000000088000000, 0x0000000088100000|  0%| F|  |TAMS 0x0000000088000000| PB 0x0000000088000000| Untracked 
|  75|0x0000000088100000, 0x0000000088100000, 0x0000000088200000|  0%| F|  |TAMS 0x0000000088100000| PB 0x0000000088100000| Untracked 
|  76|0x0000000088200000, 0x0000000088200000, 0x0000000088300000|  0%| F|  |TAMS 0x0000000088200000| PB 0x0000000088200000| Untracked 
|  77|0x0000000088300000, 0x0000000088300000, 0x0000000088400000|  0%| F|  |TAMS 0x0000000088300000| PB 0x0000000088300000| Untracked 
|  78|0x0000000088400000, 0x0000000088400000, 0x0000000088500000|  0%| F|  |TAMS 0x0000000088400000| PB 0x0000000088400000| Untracked 
|  79|0x0000000088500000, 0x0000000088500000, 0x0000000088600000|  0%| F|  |TAMS 0x0000000088500000| PB 0x0000000088500000| Untracked 
|  80|0x0000000088600000, 0x0000000088600000, 0x0000000088700000|  0%| F|  |TAMS 0x0000000088600000| PB 0x0000000088600000| Untracked 
|  81|0x0000000088700000, 0x0000000088700000, 0x0000000088800000|  0%| F|  |TAMS 0x0000000088700000| PB 0x0000000088700000| Untracked 
|  82|0x0000000088800000, 0x0000000088800000, 0x0000000088900000|  0%| F|  |TAMS 0x0000000088800000| PB 0x0000000088800000| Untracked 
|  83|0x0000000088900000, 0x0000000088900000, 0x0000000088a00000|  0%| F|  |TAMS 0x0000000088900000| PB 0x0000000088900000| Untracked 
|  84|0x0000000088a00000, 0x0000000088a00000, 0x0000000088b00000|  0%| F|  |TAMS 0x0000000088a00000| PB 0x0000000088a00000| Untracked 
|  85|0x0000000088b00000, 0x0000000088b00000, 0x0000000088c00000|  0%| F|  |TAMS 0x0000000088b00000| PB 0x0000000088b00000| Untracked 
|  86|0x0000000088c00000, 0x0000000088c00000, 0x0000000088d00000|  0%| F|  |TAMS 0x0000000088c00000| PB 0x0000000088c00000| Untracked 
|  87|0x0000000088d00000, 0x0000000088d00000, 0x0000000088e00000|  0%| F|  |TAMS 0x0000000088d00000| PB 0x0000000088d00000| Untracked 
|  88|0x0000000088e00000, 0x0000000088e00000, 0x0000000088f00000|  0%| F|  |TAMS 0x0000000088e00000| PB 0x0000000088e00000| Untracked 
|  89|0x0000000088f00000, 0x0000000088f00000, 0x0000000089000000|  0%| F|  |TAMS 0x0000000088f00000| PB 0x0000000088f00000| Untracked 
|  90|0x0000000089000000, 0x0000000089000000, 0x0000000089100000|  0%| F|  |TAMS 0x0000000089000000| PB 0x0000000089000000| Untracked 
|  91|0x0000000089100000, 0x0000000089100000, 0x0000000089200000|  0%| F|  |TAMS 0x0000000089100000| PB 0x0000000089100000| Untracked 
|  92|0x0000000089200000, 0x0000000089200000, 0x0000000089300000|  0%| F|  |TAMS 0x0000000089200000| PB 0x0000000089200000| Untracked 
|  93|0x0000000089300000, 0x0000000089300000, 0x0000000089400000|  0%| F|  |TAMS 0x0000000089300000| PB 0x0000000089300000| Untracked 
|  94|0x0000000089400000, 0x0000000089400000, 0x0000000089500000|  0%| F|  |TAMS 0x0000000089400000| PB 0x0000000089400000| Untracked 
|  95|0x0000000089500000, 0x0000000089500000, 0x0000000089600000|  0%| F|  |TAMS 0x0000000089500000| PB 0x0000000089500000| Untracked 
|  96|0x0000000089600000, 0x0000000089600000, 0x0000000089700000|  0%| F|  |TAMS 0x0000000089600000| PB 0x0000000089600000| Untracked 
|  97|0x0000000089700000, 0x0000000089700000, 0x0000000089800000|  0%| F|  |TAMS 0x0000000089700000| PB 0x0000000089700000| Untracked 
|  98|0x0000000089800000, 0x0000000089800000, 0x0000000089900000|  0%| F|  |TAMS 0x0000000089800000| PB 0x0000000089800000| Untracked 
|  99|0x0000000089900000, 0x0000000089900000, 0x0000000089a00000|  0%| F|  |TAMS 0x0000000089900000| PB 0x0000000089900000| Untracked 
| 100|0x0000000089a00000, 0x0000000089a00000, 0x0000000089b00000|  0%| F|  |TAMS 0x0000000089a00000| PB 0x0000000089a00000| Untracked 
| 101|0x0000000089b00000, 0x0000000089b00000, 0x0000000089c00000|  0%| F|  |TAMS 0x0000000089b00000| PB 0x0000000089b00000| Untracked 
| 102|0x0000000089c00000, 0x0000000089c00000, 0x0000000089d00000|  0%| F|  |TAMS 0x0000000089c00000| PB 0x0000000089c00000| Untracked 
| 103|0x0000000089d00000, 0x0000000089d00000, 0x0000000089e00000|  0%| F|  |TAMS 0x0000000089d00000| PB 0x0000000089d00000| Untracked 
| 104|0x0000000089e00000, 0x0000000089e00000, 0x0000000089f00000|  0%| F|  |TAMS 0x0000000089e00000| PB 0x0000000089e00000| Untracked 
| 105|0x0000000089f00000, 0x0000000089f00000, 0x000000008a000000|  0%| F|  |TAMS 0x0000000089f00000| PB 0x0000000089f00000| Untracked 
| 106|0x000000008a000000, 0x000000008a000000, 0x000000008a100000|  0%| F|  |TAMS 0x000000008a000000| PB 0x000000008a000000| Untracked 
| 107|0x000000008a100000, 0x000000008a100000, 0x000000008a200000|  0%| F|  |TAMS 0x000000008a100000| PB 0x000000008a100000| Untracked 
| 108|0x000000008a200000, 0x000000008a200000, 0x000000008a300000|  0%| F|  |TAMS 0x000000008a200000| PB 0x000000008a200000| Untracked 
| 109|0x000000008a300000, 0x000000008a300000, 0x000000008a400000|  0%| F|  |TAMS 0x000000008a300000| PB 0x000000008a300000| Untracked 
| 110|0x000000008a400000, 0x000000008a400000, 0x000000008a500000|  0%| F|  |TAMS 0x000000008a400000| PB 0x000000008a400000| Untracked 
| 111|0x000000008a500000, 0x000000008a500000, 0x000000008a600000|  0%| F|  |TAMS 0x000000008a500000| PB 0x000000008a500000| Untracked 
| 112|0x000000008a600000, 0x000000008a600000, 0x000000008a700000|  0%| F|  |TAMS 0x000000008a600000| PB 0x000000008a600000| Untracked 
| 113|0x000000008a700000, 0x000000008a700000, 0x000000008a800000|  0%| F|  |TAMS 0x000000008a700000| PB 0x000000008a700000| Untracked 
| 114|0x000000008a800000, 0x000000008a800000, 0x000000008a900000|  0%| F|  |TAMS 0x000000008a800000| PB 0x000000008a800000| Untracked 
| 115|0x000000008a900000, 0x000000008a900000, 0x000000008aa00000|  0%| F|  |TAMS 0x000000008a900000| PB 0x000000008a900000| Untracked 
| 116|0x000000008aa00000, 0x000000008aa00000, 0x000000008ab00000|  0%| F|  |TAMS 0x000000008aa00000| PB 0x000000008aa00000| Untracked 
| 117|0x000000008ab00000, 0x000000008ab00000, 0x000000008ac00000|  0%| F|  |TAMS 0x000000008ab00000| PB 0x000000008ab00000| Untracked 
| 118|0x000000008ac00000, 0x000000008ac00000, 0x000000008ad00000|  0%| F|  |TAMS 0x000000008ac00000| PB 0x000000008ac00000| Untracked 
| 119|0x000000008ad00000, 0x000000008ad00000, 0x000000008ae00000|  0%| F|  |TAMS 0x000000008ad00000| PB 0x000000008ad00000| Untracked 
| 120|0x000000008ae00000, 0x000000008ae76450, 0x000000008af00000| 46%| E|  |TAMS 0x000000008ae00000| PB 0x000000008ae00000| Complete 
| 121|0x000000008af00000, 0x000000008b000000, 0x000000008b000000|100%| E|CS|TAMS 0x000000008af00000| PB 0x000000008af00000| Complete 
| 122|0x000000008b000000, 0x000000008b100000, 0x000000008b100000|100%| E|CS|TAMS 0x000000008b000000| PB 0x000000008b000000| Complete 
| 123|0x000000008b100000, 0x000000008b200000, 0x000000008b200000|100%| E|CS|TAMS 0x000000008b100000| PB 0x000000008b100000| Complete 
| 124|0x000000008b200000, 0x000000008b300000, 0x000000008b300000|100%| E|CS|TAMS 0x000000008b200000| PB 0x000000008b200000| Complete 
| 125|0x000000008b300000, 0x000000008b400000, 0x000000008b400000|100%| E|CS|TAMS 0x000000008b300000| PB 0x000000008b300000| Complete 

Card table byte_map: [0x0000020d30280000,0x0000020d30670000] _byte_map_base: 0x0000020d2fe65000

Marking Bits: (CMBitMap*) 0x0000020d18b33a00
 Bits: [0x0000020d30a60000, 0x0000020d32988000)

Polling page: 0x0000020d18270000

Metaspace:

Usage:
  Non-class:      1.12 MB used.
      Class:    108.60 KB used.
       Both:      1.23 MB used.

Virtual space:
  Non-class space:       64.00 MB reserved,       1.19 MB (  2%) committed,  1 nodes.
      Class space:        1.00 GB reserved,     192.00 KB ( <1%) committed,  1 nodes.
             Both:        1.06 GB reserved,       1.38 MB ( <1%) committed. 

Chunk freelists:
   Non-Class:  3.85 MB
       Class:  3.72 MB
        Both:  7.56 MB

MaxMetaspaceSize: unlimited
CompressedClassSpaceSize: 1.00 GB
Initial GC threshold: 21.00 MB
Current GC threshold: 21.00 MB
CDS: on
MetaspaceReclaimPolicy: balanced
 - commit_granule_bytes: 65536.
 - commit_granule_words: 8192.
 - virtual_space_node_default_size: 8388608.
 - enlarge_chunks_in_place: 1.
 - new_chunks_are_fully_committed: 0.
 - uncommit_free_chunks: 1.
 - use_allocation_guard: 0.


Internal statistics:

num_allocs_failed_limit: 0.
num_arena_births: 28.
num_arena_deaths: 0.
num_vsnodes_births: 2.
num_vsnodes_deaths: 0.
num_space_committed: 22.
num_space_uncommitted: 0.
num_chunks_returned_to_freelist: 0.
num_chunks_taken_from_freelist: 43.
num_chunk_merges: 0.
num_chunk_splits: 24.
num_chunks_enlarged: 16.
num_inconsistent_stats: 0.

CodeHeap 'non-profiled nmethods': size=120000Kb used=137Kb max_used=137Kb free=119862Kb
 bounds [0x0000020d28630000, 0x0000020d288a0000, 0x0000020d2fb60000]
CodeHeap 'profiled nmethods': size=120000Kb used=460Kb max_used=460Kb free=119540Kb
 bounds [0x0000020d20b60000, 0x0000020d20dd0000, 0x0000020d28090000]
CodeHeap 'non-nmethods': size=5760Kb used=1481Kb max_used=1508Kb free=4278Kb
 bounds [0x0000020d28090000, 0x0000020d28300000, 0x0000020d28630000]
 total_blobs=844 nmethods=413 adapters=342
 compilation: enabled
              stopped_count=0, restarted_count=0
 full_count=0

Compilation events (20 events):
Event: 1.044 Thread 0x0000020d354014b0 nmethod 365 0x0000020d2864fe10 code [0x0000020d2864ff80, 0x0000020d286500c0]
Event: 1.044 Thread 0x0000020d354014b0  363       4       java.util.concurrent.locks.AbstractQueuedSynchronizer::signalNext (34 bytes)
Event: 1.044 Thread 0x0000020d354051c0 nmethod 406 0x0000020d20bd0d90 code [0x0000020d20bd0f20, 0x0000020d20bd1040]
Event: 1.044 Thread 0x0000020d354051c0  407       3       java.lang.String::compareTo (9 bytes)
Event: 1.044 Thread 0x0000020d354051c0 nmethod 407 0x0000020d20bd1110 code [0x0000020d20bd12a0, 0x0000020d20bd14c8]
Event: 1.044 Thread 0x0000020d354051c0  409       3       java.lang.StringLatin1::inflate (34 bytes)
Event: 1.044 Thread 0x0000020d35405750 nmethod 362 0x0000020d28650110 code [0x0000020d28650280, 0x0000020d286503a8]
Event: 1.044 Thread 0x0000020d354014b0 nmethod 363 0x0000020d28650490 code [0x0000020d28650600, 0x0000020d28650678]
Event: 1.044 Thread 0x0000020d35405750  410       4       java.lang.AbstractStringBuilder::ensureCapacityInternal (39 bytes)
Event: 1.044 Thread 0x0000020d354051c0 nmethod 409 0x0000020d20bd1590 code [0x0000020d20bd1720, 0x0000020d20bd1928]
Event: 1.044 Thread 0x0000020d354051c0  408       3       java.lang.String::compareTo (63 bytes)
Event: 1.044 Thread 0x0000020d354051c0 nmethod 408 0x0000020d20bd1a90 code [0x0000020d20bd1c80, 0x0000020d20bd2100]
Event: 1.047 Thread 0x0000020d35405750 nmethod 410 0x0000020d28650790 code [0x0000020d28650920, 0x0000020d28650d80]
Event: 1.048 Thread 0x0000020d35403060 nmethod 352 0x0000020d28650f10 code [0x0000020d28651100, 0x0000020d28651d18]
Event: 7.309 Thread 0x0000020d354051c0  411       3       java.lang.StringConcatHelper::newArray (40 bytes)
Event: 7.310 Thread 0x0000020d354051c0 nmethod 411 0x0000020d20bd2290 code [0x0000020d20bd2440, 0x0000020d20bd2760]
Event: 7.310 Thread 0x0000020d354051c0  412       3       jdk.internal.misc.Unsafe::allocateUninitializedArray (55 bytes)
Event: 7.310 Thread 0x0000020d354051c0 nmethod 412 0x0000020d20bd2890 code [0x0000020d20bd2a60, 0x0000020d20bd2ea8]
Event: 7.310 Thread 0x0000020d354051c0  413       1       java.util.zip.Inflater$InflaterZStreamRef::address (5 bytes)
Event: 7.310 Thread 0x0000020d354051c0 nmethod 413 0x0000020d28652410 code [0x0000020d28652580, 0x0000020d28652648]

GC Heap History (0 events):
No events

Dll operation events (12 events):
Event: 0.008 Loaded shared library C:\Program Files\Java\jdk-20\bin\java.dll
Event: 0.017 Loaded shared library C:\Program Files\Java\jdk-20\bin\jsvml.dll
Event: 0.067 Loaded shared library C:\Program Files\Java\jdk-20\bin\zip.dll
Event: 0.068 Loaded shared library C:\Program Files\Java\jdk-20\bin\instrument.dll
Event: 0.073 Loaded shared library C:\Program Files\Java\jdk-20\bin\net.dll
Event: 0.074 Loaded shared library C:\Program Files\Java\jdk-20\bin\nio.dll
Event: 0.077 Loaded shared library C:\Program Files\Java\jdk-20\bin\zip.dll
Event: 0.087 Loaded shared library C:\Program Files\JetBrains\IntelliJ IDEA Community Edition 2023.1.1\bin\breakgen64.dll
Event: 0.091 Loaded shared library C:\Program Files\Java\jdk-20\bin\verify.dll
Event: 0.095 Loaded shared library C:\Program Files\Java\jdk-20\bin\extnet.dll
Event: 0.099 Loaded shared library C:\Program Files\Java\jdk-20\bin\rxtxSerial.dll
Event: 1.020 Loaded shared library C:\Program Files\Java\jdk-20\bin\jimage.dll

Deoptimization events (20 events):
Event: 1.030 Thread 0x0000020d353ea300 Uncommon trap: trap_request=0xffffffde fr.pc=0x0000020d2863dc28 relative=0x0000000000000928
Event: 1.030 Thread 0x0000020d353ea300 Uncommon trap: reason=class_check action=maybe_recompile pc=0x0000020d2863dc28 method=java.util.HashMap.putVal(ILjava/lang/Object;Ljava/lang/Object;ZZ)Ljava/lang/Object; @ 152 c2
Event: 1.030 Thread 0x0000020d353ea300 DEOPT PACKING pc=0x0000020d2863dc28 sp=0x000000bf191fe650
Event: 1.030 Thread 0x0000020d353ea300 DEOPT UNPACKING pc=0x0000020d280ad2a2 sp=0x000000bf191fe5e0 mode 2
Event: 1.030 Thread 0x0000020d353ea300 Uncommon trap: trap_request=0xffffffde fr.pc=0x0000020d2863dc28 relative=0x0000000000000928
Event: 1.030 Thread 0x0000020d353ea300 Uncommon trap: reason=class_check action=maybe_recompile pc=0x0000020d2863dc28 method=java.util.HashMap.putVal(ILjava/lang/Object;Ljava/lang/Object;ZZ)Ljava/lang/Object; @ 152 c2
Event: 1.030 Thread 0x0000020d353ea300 DEOPT PACKING pc=0x0000020d2863dc28 sp=0x000000bf191fe650
Event: 1.030 Thread 0x0000020d353ea300 DEOPT UNPACKING pc=0x0000020d280ad2a2 sp=0x000000bf191fe5e0 mode 2
Event: 1.030 Thread 0x0000020d353ea300 Uncommon trap: trap_request=0xffffffde fr.pc=0x0000020d2863dc28 relative=0x0000000000000928
Event: 1.030 Thread 0x0000020d353ea300 Uncommon trap: reason=class_check action=maybe_recompile pc=0x0000020d2863dc28 method=java.util.HashMap.putVal(ILjava/lang/Object;Ljava/lang/Object;ZZ)Ljava/lang/Object; @ 152 c2
Event: 1.030 Thread 0x0000020d353ea300 DEOPT PACKING pc=0x0000020d2863dc28 sp=0x000000bf191fe650
Event: 1.030 Thread 0x0000020d353ea300 DEOPT UNPACKING pc=0x0000020d280ad2a2 sp=0x000000bf191fe5e0 mode 2
Event: 1.042 Thread 0x0000020d353ea300 Uncommon trap: trap_request=0xffffff45 fr.pc=0x0000020d28647fc4 relative=0x0000000000000144
Event: 1.042 Thread 0x0000020d353ea300 Uncommon trap: reason=unstable_if action=reinterpret pc=0x0000020d28647fc4 method=java.util.concurrent.locks.ReentrantLock$NonfairSync.initialTryLock()Z @ 10 c2
Event: 1.043 Thread 0x0000020d353ea300 DEOPT PACKING pc=0x0000020d28647fc4 sp=0x000000bf191fefe0
Event: 1.043 Thread 0x0000020d353ea300 DEOPT UNPACKING pc=0x0000020d280ad2a2 sp=0x000000bf191fef88 mode 2
Event: 1.044 Thread 0x0000020d353ea300 Uncommon trap: trap_request=0xffffff45 fr.pc=0x0000020d2865034c relative=0x00000000000000cc
Event: 1.044 Thread 0x0000020d353ea300 Uncommon trap: reason=unstable_if action=reinterpret pc=0x0000020d2865034c method=java.util.concurrent.locks.ReentrantLock$Sync.tryRelease(I)Z @ 26 c2
Event: 1.044 Thread 0x0000020d353ea300 DEOPT PACKING pc=0x0000020d2865034c sp=0x000000bf191fefe0
Event: 1.044 Thread 0x0000020d353ea300 DEOPT UNPACKING pc=0x0000020d280ad2a2 sp=0x000000bf191fef80 mode 2

Classes loaded (20 events):
Event: 1.030 Loading class java/time/zone/ZoneRulesProvider
Event: 1.031 Loading class java/time/zone/ZoneRulesProvider done
Event: 1.031 Loading class java/time/zone/ZoneRulesProvider$1
Event: 1.031 Loading class java/time/zone/ZoneRulesProvider$1 done
Event: 1.031 Loading class java/time/zone/TzdbZoneRulesProvider
Event: 1.031 Loading class java/time/zone/TzdbZoneRulesProvider done
Event: 1.034 Loading class java/time/zone/Ser
Event: 1.034 Loading class java/io/Externalizable
Event: 1.034 Loading class java/io/Externalizable done
Event: 1.034 Loading class java/time/zone/Ser done
Event: 1.036 Loading class java/time/zone/ZoneOffsetTransition
Event: 1.036 Loading class java/time/zone/ZoneOffsetTransition done
Event: 1.037 Loading class sun/util/cldr/CLDRBaseLocaleDataMetaInfo$TZCanonicalIDMapHolder
Event: 1.037 Loading class sun/util/cldr/CLDRBaseLocaleDataMetaInfo$TZCanonicalIDMapHolder done
Event: 1.039 Loading class sun/util/resources/TimeZoneNames
Event: 1.039 Loading class sun/util/resources/TimeZoneNames done
Event: 1.040 Loading class sun/util/resources/TimeZoneNames_en
Event: 1.040 Loading class sun/util/resources/TimeZoneNames_en done
Event: 7.310 Loading class java/util/EventObject
Event: 7.310 Loading class java/util/EventObject done

Classes unloaded (0 events):
No events

Classes redefined (0 events):
No events

Internal exceptions (8 events):
Event: 0.082 Thread 0x0000020d18ad71a0 Exception <a 'java/lang/NoSuchMethodError'{0x000000008b1400b8}: 'void java.lang.invoke.DirectMethodHandle$Holder.invokeStatic(java.lang.Object, java.lang.Object, java.lang.Object)'> (0x000000008b1400b8) 
thrown [s\open\src\hotspot\share\interpreter\linkResolver.cpp, line 773]
Event: 0.085 Thread 0x0000020d18ad71a0 Exception <a 'java/lang/NoSuchMethodError'{0x000000008b1575c0}: 'java.lang.Object java.lang.invoke.Invokers$Holder.invokeExact_MT(java.lang.Object, java.lang.Object, java.lang.Object, java.lang.Object, java.lang.Object)'> (0x000000008b1575c0) 
thrown [s\open\src\hotspot\share\interpreter\linkResolver.cpp, line 773]
Event: 0.096 Thread 0x0000020d39a88f90 Exception <a 'java/lang/NoSuchMethodError'{0x000000008b17d320}: 'void java.lang.invoke.DirectMethodHandle$Holder.invokeStatic(java.lang.Object, java.lang.Object)'> (0x000000008b17d320) 
thrown [s\open\src\hotspot\share\interpreter\linkResolver.cpp, line 773]
Event: 0.101 Thread 0x0000020d18ad71a0 Exception <a 'java/io/FileNotFoundException'{0x000000008b00a058}> (0x000000008b00a058) 
thrown [s\open\src\hotspot\share\prims\jni.cpp, line 519]
Event: 0.103 Thread 0x0000020d18ad71a0 Exception <a 'java/io/FileNotFoundException'{0x000000008b01bd00}> (0x000000008b01bd00) 
thrown [s\open\src\hotspot\share\prims\jni.cpp, line 519]
Event: 0.105 Thread 0x0000020d18ad71a0 Exception <a 'java/io/FileNotFoundException'{0x000000008b02a140}> (0x000000008b02a140) 
thrown [s\open\src\hotspot\share\prims\jni.cpp, line 519]
Event: 0.106 Thread 0x0000020d18ad71a0 Exception <a 'java/io/FileNotFoundException'{0x000000008b03b868}> (0x000000008b03b868) 
thrown [s\open\src\hotspot\share\prims\jni.cpp, line 519]
Event: 1.041 Thread 0x0000020d353ea300 Exception <a 'java/lang/NoSuchMethodError'{0x000000008ae050c0}: 'java.lang.Object java.lang.invoke.Invokers$Holder.invokeExact_MT(java.lang.Object, java.lang.Object, java.lang.Object, java.lang.Object, java.lang.Object, java.lang.Object)'> (0x000000008ae050c0) 
thrown [s\open\src\hotspot\share\interpreter\linkResolver.cpp, line 773]

VM Operations (12 events):
Event: 0.056 Executing VM operation: HandshakeAllThreads
Event: 0.056 Executing VM operation: HandshakeAllThreads done
Event: 0.090 Executing VM operation: HandshakeAllThreads
Event: 0.090 Executing VM operation: HandshakeAllThreads done
Event: 0.096 Executing VM operation: HandshakeAllThreads
Event: 0.096 Executing VM operation: HandshakeAllThreads done
Event: 1.028 Executing VM operation: HandshakeAllThreads
Event: 1.028 Executing VM operation: HandshakeAllThreads done
Event: 1.028 Executing VM operation: Cleanup
Event: 1.028 Executing VM operation: Cleanup done
Event: 2.033 Executing VM operation: Cleanup
Event: 2.034 Executing VM operation: Cleanup done

Events (19 events):
Event: 0.017 Thread 0x0000020d18ad71a0 Thread added: 0x0000020d18ad71a0
Event: 0.029 Thread 0x0000020d353e44e0 Thread added: 0x0000020d353e44e0
Event: 0.029 Thread 0x0000020d353e4f20 Thread added: 0x0000020d353e4f20
Event: 0.029 Thread 0x0000020d353e66b0 Thread added: 0x0000020d353e66b0
Event: 0.029 Thread 0x0000020d353ea300 Thread added: 0x0000020d353ea300
Event: 0.029 Thread 0x0000020d353ecd40 Thread added: 0x0000020d353ecd40
Event: 0.029 Thread 0x0000020d353eedd0 Thread added: 0x0000020d353eedd0
Event: 0.030 Thread 0x0000020d354014b0 Thread added: 0x0000020d354014b0
Event: 0.030 Thread 0x0000020d354051c0 Thread added: 0x0000020d354051c0
Event: 0.050 Thread 0x0000020d353ac840 Thread added: 0x0000020d353ac840
Event: 0.088 Thread 0x0000020d39a88f90 Thread added: 0x0000020d39a88f90
Event: 0.088 Thread 0x0000020d39a894e0 Thread added: 0x0000020d39a894e0
Event: 0.114 Thread 0x0000020d39aab110 Thread added: 0x0000020d39aab110
Event: 0.122 Thread 0x0000020d18ad71a0 Thread exited: 0x0000020d18ad71a0
Event: 0.122 Thread 0x0000020d18ad71a0 Thread added: 0x0000020d18ad71a0
Event: 1.031 Thread 0x0000020d35403060 Thread added: 0x0000020d35403060
Event: 1.032 Thread 0x0000020d35405750 Thread added: 0x0000020d35405750
Event: 6.045 Thread 0x0000020d35405750 Thread exited: 0x0000020d35405750
Event: 6.045 Thread 0x0000020d35403060 Thread exited: 0x0000020d35403060


Dynamic libraries:
0x00007ff7304c0000 - 0x00007ff7304d0000 	C:\Program Files\Java\jdk-20\bin\java.exe
0x00007ff96ecd0000 - 0x00007ff96eee4000 	C:\WINDOWS\SYSTEM32\ntdll.dll
0x00007ff96df80000 - 0x00007ff96e042000 	C:\WINDOWS\System32\KERNEL32.DLL
0x00007ff96c1f0000 - 0x00007ff96c593000 	C:\WINDOWS\System32\KERNELBASE.dll
0x000000005d4c0000 - 0x000000005d7f1000 	C:\Program Files\Norton Security\NortonData\22.22.9.11\Definitions\IPSDefs\20230620.061\IPSEng64.dll
0x00007ff96e210000 - 0x00007ff96e2be000 	C:\WINDOWS\System32\ADVAPI32.dll
0x00007ff96cc20000 - 0x00007ff96ccc7000 	C:\WINDOWS\System32\msvcrt.dll
0x00007ff96e070000 - 0x00007ff96e114000 	C:\WINDOWS\System32\sechost.dll
0x00007ff96dcc0000 - 0x00007ff96ddd7000 	C:\WINDOWS\System32\RPCRT4.dll
0x00007ff96ccd0000 - 0x00007ff96ccd8000 	C:\WINDOWS\System32\PSAPI.DLL
0x00007ff96c0d0000 - 0x00007ff96c1e1000 	C:\WINDOWS\System32\ucrtbase.dll
0x00007ff9611c0000 - 0x00007ff9611d9000 	C:\Program Files\Java\jdk-20\bin\jli.dll
0x00007ff957010000 - 0x00007ff95702b000 	C:\Program Files\Java\jdk-20\bin\VCRUNTIME140.dll
0x00007ff96cd30000 - 0x00007ff96cedb000 	C:\WINDOWS\System32\USER32.dll
0x00007ff96c9e0000 - 0x00007ff96ca06000 	C:\WINDOWS\System32\win32u.dll
0x00007ff96ec60000 - 0x00007ff96ec89000 	C:\WINDOWS\System32\GDI32.dll
0x00007ff9480e0000 - 0x00007ff94836e000 	C:\WINDOWS\WinSxS\amd64_microsoft.windows.common-controls_6595b64144ccf1df_6.0.22621.1635_none_270f70857386168e\COMCTL32.dll
0x00007ff96c850000 - 0x00007ff96c969000 	C:\WINDOWS\System32\gdi32full.dll
0x00007ff96ca10000 - 0x00007ff96caaa000 	C:\WINDOWS\System32\msvcp_win.dll
0x00007ff95d860000 - 0x00007ff95d86a000 	C:\WINDOWS\SYSTEM32\VERSION.dll
0x00007ff96ebc0000 - 0x00007ff96ebf1000 	C:\WINDOWS\System32\IMM32.DLL
0x00007ff968790000 - 0x00007ff96879c000 	C:\Program Files\Java\jdk-20\bin\vcruntime140_1.dll
0x00007ff94b470000 - 0x00007ff94b4fe000 	C:\Program Files\Java\jdk-20\bin\msvcp140.dll
0x00007ff8f0a90000 - 0x00007ff8f1727000 	C:\Program Files\Java\jdk-20\bin\server\jvm.dll
0x00007ff94b170000 - 0x00007ff94b179000 	C:\WINDOWS\SYSTEM32\WSOCK32.dll
0x00007ff960b20000 - 0x00007ff960b54000 	C:\WINDOWS\SYSTEM32\WINMM.dll
0x00007ff96e120000 - 0x00007ff96e191000 	C:\WINDOWS\System32\WS2_32.dll
0x00007ff96b0a0000 - 0x00007ff96b0b8000 	C:\WINDOWS\SYSTEM32\kernel.appcore.dll
0x00007ff966f20000 - 0x00007ff966f2a000 	C:\Program Files\Java\jdk-20\bin\jimage.dll
0x00007ff9698b0000 - 0x00007ff969ade000 	C:\WINDOWS\SYSTEM32\DBGHELP.DLL
0x00007ff96cee0000 - 0x00007ff96d269000 	C:\WINDOWS\System32\combase.dll
0x00007ff96e560000 - 0x00007ff96e637000 	C:\WINDOWS\System32\OLEAUT32.dll
0x00007ff94d630000 - 0x00007ff94d662000 	C:\WINDOWS\SYSTEM32\dbgcore.DLL
0x00007ff96c660000 - 0x00007ff96c6db000 	C:\WINDOWS\System32\bcryptPrimitives.dll
0x00007ff950f30000 - 0x00007ff950f3e000 	C:\Program Files\Java\jdk-20\bin\instrument.dll
0x00007ff94b440000 - 0x00007ff94b466000 	C:\Program Files\Java\jdk-20\bin\java.dll
0x00007ff945740000 - 0x00007ff945817000 	C:\Program Files\Java\jdk-20\bin\jsvml.dll
0x00007ff96d3c0000 - 0x00007ff96dbba000 	C:\WINDOWS\System32\SHELL32.dll
0x00007ff96a080000 - 0x00007ff96a94e000 	C:\WINDOWS\SYSTEM32\windows.storage.dll
0x00007ff969f40000 - 0x00007ff96a07e000 	C:\WINDOWS\SYSTEM32\wintypes.dll
0x00007ff96eac0000 - 0x00007ff96ebb1000 	C:\WINDOWS\System32\SHCORE.dll
0x00007ff96ec00000 - 0x00007ff96ec5e000 	C:\WINDOWS\System32\shlwapi.dll
0x00007ff96c000000 - 0x00007ff96c021000 	C:\WINDOWS\SYSTEM32\profapi.dll
0x00007ff94cbd0000 - 0x00007ff94cbe8000 	C:\Program Files\Java\jdk-20\bin\zip.dll
0x00007ff94cc30000 - 0x00007ff94cc43000 	C:\Program Files\Java\jdk-20\bin\net.dll
0x00007ff965d20000 - 0x00007ff965e57000 	C:\WINDOWS\SYSTEM32\WINHTTP.dll
0x00007ff96b660000 - 0x00007ff96b6c9000 	C:\WINDOWS\system32\mswsock.dll
0x00007ff94b420000 - 0x00007ff94b436000 	C:\Program Files\Java\jdk-20\bin\nio.dll
0x00007ff94b3d0000 - 0x00007ff94b3ea000 	C:\Program Files\JetBrains\IntelliJ IDEA Community Edition 2023.1.1\bin\breakgen64.dll
0x00007ff950c70000 - 0x00007ff950c80000 	C:\Program Files\Java\jdk-20\bin\verify.dll
0x00007ff9508c0000 - 0x00007ff9508c7000 	C:\Program Files\Java\jdk-20\bin\extnet.dll
0x0000000180000000 - 0x0000000180025000 	C:\Program Files\Java\jdk-20\bin\rxtxSerial.dll

dbghelp: loaded successfully - version: 4.0.5 - missing functions: none
symbol engine: initialized successfully - sym options: 0x614 - pdb path: .;C:\Program Files\Java\jdk-20\bin;C:\WINDOWS\SYSTEM32;C:\Program Files\Norton Security\NortonData\22.22.9.11\Definitions\IPSDefs\20230620.061;C:\WINDOWS\WinSxS\amd64_microsoft.windows.common-controls_6595b64144ccf1df_6.0.22621.1635_none_270f70857386168e;C:\Program Files\Java\jdk-20\bin\server;C:\Program Files\JetBrains\IntelliJ IDEA Community Edition 2023.1.1\bin

VM Arguments:
jvm_args: -javaagent:C:\Program Files\JetBrains\IntelliJ IDEA Community Edition 2023.1.1\lib\idea_rt.jar=50981:C:\Program Files\JetBrains\IntelliJ IDEA Community Edition 2023.1.1\bin -Dfile.encoding=UTF-8 -Dsun.stdout.encoding=UTF-8 -Dsun.stderr.encoding=UTF-8 
java_command: Entities.Main
java_class_path (initial): C:\Users\cg205\Downloads\Probremasso_do_demonho\out\production\Probremasso_do_demonho;C:\Users\cg205\.m2\repository\org\jetbrains\annotations\24.0.0\annotations-24.0.0.jar;C:\Users\cg205\Downloads\jSerialComm-2.9.3.jar;C:\Program Files\Java\jdk-20\bin\rxtx\RXTXcomm.jar
Launcher Type: SUN_STANDARD

[Global flags]
     intx CICompilerCount                          = 4                                         {product} {ergonomic}
     uint ConcGCThreads                            = 2                                         {product} {ergonomic}
     uint G1ConcRefinementThreads                  = 8                                         {product} {ergonomic}
   size_t G1HeapRegionSize                         = 1048576                                   {product} {ergonomic}
    uintx GCDrainStackTargetSize                   = 64                                        {product} {ergonomic}
   size_t InitialHeapSize                          = 132120576                                 {product} {ergonomic}
   size_t MarkStackSize                            = 4194304                                   {product} {ergonomic}
   size_t MaxHeapSize                              = 2090860544                                {product} {ergonomic}
   size_t MaxNewSize                               = 1254096896                                {product} {ergonomic}
   size_t MinHeapDeltaBytes                        = 1048576                                   {product} {ergonomic}
   size_t MinHeapSize                              = 8388608                                   {product} {ergonomic}
    uintx NonNMethodCodeHeapSize                   = 5839372                                {pd product} {ergonomic}
    uintx NonProfiledCodeHeapSize                  = 122909434                              {pd product} {ergonomic}
    uintx ProfiledCodeHeapSize                     = 122909434                              {pd product} {ergonomic}
    uintx ReservedCodeCacheSize                    = 251658240                              {pd product} {ergonomic}
     bool SegmentedCodeCache                       = true                                      {product} {ergonomic}
   size_t SoftMaxHeapSize                          = 2090860544                             {manageable} {ergonomic}
     bool UseCompressedClassPointers               = true                           {product lp64_product} {ergonomic}
     bool UseCompressedOops                        = true                           {product lp64_product} {ergonomic}
     bool UseG1GC                                  = true                                      {product} {ergonomic}
     bool UseLargePagesIndividualAllocation        = false                                  {pd product} {ergonomic}

Logging:
Log output configuration:
 #0: stdout all=warning uptime,level,tags foldmultilines=false
 #1: stderr all=off uptime,level,tags foldmultilines=false

Environment Variables:
JAVA_HOME=C:\Program Files\Java\jdk-20
PATH=C:\Program Files\Common Files\Oracle\Java\javapath;C:\WINDOWS\system32;C:\WINDOWS;C:\WINDOWS\System32\Wbem;C:\WINDOWS\System32\WindowsPowerShell\v1.0\;C:\WINDOWS\System32\OpenSSH\;C:\Users\cg205\AppData\Local\Microsoft\WindowsApps;C:\Program Files\Java\jdk-20\bin;
USERNAME=cg205
OS=Windows_NT
PROCESSOR_IDENTIFIER=Intel64 Family 6 Model 140 Stepping 1, GenuineIntel
TMP=C:\Users\cg205\AppData\Local\Temp
TEMP=C:\Users\cg205\AppData\Local\Temp




---------------  S Y S T E M  ---------------

OS:
 Windows 11 , 64 bit Build 22621 (10.0.22621.1778)
OS uptime: 5 days 5:14 hours
Hyper-V role detected

CPU: total 8 (initial active 8) (4 cores per cpu, 2 threads per core) family 6 model 140 stepping 1 microcode 0x8a, cx8, cmov, fxsr, ht, mmx, 3dnowpref, sse, sse2, sse3, ssse3, sse4.1, sse4.2, popcnt, lzcnt, tsc, tscinvbit, avx, avx2, aes, erms, clmul, bmi1, bmi2, adx, avx512f, avx512dq, avx512cd, avx512bw, avx512vl, sha, fma, vzeroupper, avx512_vpopcntdq, avx512_vpclmulqdq, avx512_vaes, avx512_vnni, clflush, clflushopt, clwb, avx512_vbmi2, avx512_vbmi, hv, rdtscp, rdpid, fsrm, gfni, avx512_bitalg, f16c, cet_ibt, cet_ss, avx512_ifma

Memory: 4k page, system-wide physical 7971M (1957M free)
TotalPageFile size 16163M (AvailPageFile size 7090M)
current process WorkingSet (physical memory assigned to process): 41M, peak: 44M
current process commit charge ("private bytes"): 209M, peak: 212M

vm_info: Java HotSpot(TM) 64-Bit Server VM (20.0.1+9-29) for windows-amd64 JRE (20.0.1+9-29), built on 2023-03-07T13:56:11Z by "mach5one" with MS VC++ 17.1 (VS2022)

END.
